ARM GAS  C:\Users\JOHNNY~1\AppData\Local\Temp\cccPczVg.s 			page 1


   1              		.cpu cortex-m0
   2              		.fpu softvfp
   3              		.eabi_attribute 20, 1
   4              		.eabi_attribute 21, 1
   5              		.eabi_attribute 23, 3
   6              		.eabi_attribute 24, 1
   7              		.eabi_attribute 25, 1
   8              		.eabi_attribute 26, 1
   9              		.eabi_attribute 30, 6
  10              		.eabi_attribute 34, 0
  11              		.eabi_attribute 18, 4
  12              		.code	16
  13              		.file	"WatchdogTimer.c"
  14              		.text
  15              	.Ltext0:
  16              		.cfi_sections	.debug_frame
  17              		.bss
  18              	enableSecCnt:
  19 0000 00       		.space	1
  20              	counter1TimedOut:
  21 0001 00       		.space	1
  22 0002 0000     		.align	2
  23              	SecCnt:
  24 0004 00000000 		.space	4
  25              		.section	.text.SetEnableSecCnt,"ax",%progbits
  26              		.align	2
  27              		.global	SetEnableSecCnt
  28              		.code	16
  29              		.thumb_func
  30              		.type	SetEnableSecCnt, %function
  31              	SetEnableSecCnt:
  32              	.LFB37:
  33              		.file 1 ".\\WatchdogTimer.c"
   1:.\WatchdogTimer.c **** /******************************************************************************
   2:.\WatchdogTimer.c **** * Project Name      : PSoC_4_BLE_Eddystone
   3:.\WatchdogTimer.c **** * File Name         : WatchDogTimer.c
   4:.\WatchdogTimer.c **** * Version           : 1.0
   5:.\WatchdogTimer.c **** * Device Used       : CY8C4247LQI-BL483
   6:.\WatchdogTimer.c **** * Software Used     : PSoC Creator 3.3 SP1
   7:.\WatchdogTimer.c **** * Compiler          : ARM GCC 4.9.3, ARM MDK Generic
   8:.\WatchdogTimer.c **** * Related Hardware  : CY8CKIT-042-BLE Bluetooth Low Energy Pioneer Kit
   9:.\WatchdogTimer.c **** * Owner             : DEJO
  10:.\WatchdogTimer.c **** *
  11:.\WatchdogTimer.c **** *******************************************************************************
  12:.\WatchdogTimer.c **** * Copyright (2016), Cypress Semiconductor Corporation. All Rights Reserved.
  13:.\WatchdogTimer.c **** *******************************************************************************
  14:.\WatchdogTimer.c **** * This software is owned by Cypress Semiconductor Corporation (Cypress)
  15:.\WatchdogTimer.c **** * and is protected by and subject to worldwide patent protection (United
  16:.\WatchdogTimer.c **** * States and foreign), United States copyright laws and international treaty
  17:.\WatchdogTimer.c **** * provisions. Cypress hereby grants to licensee a personal, non-exclusive,
  18:.\WatchdogTimer.c **** * non-transferable license to copy, use, modify, create derivative works of,
  19:.\WatchdogTimer.c **** * and compile the Cypress Source Code and derivative works for the sole
  20:.\WatchdogTimer.c **** * purpose of creating custom software in support of licensee product to be
  21:.\WatchdogTimer.c **** * used only in conjunction with a Cypress integrated circuit as specified in
  22:.\WatchdogTimer.c **** * the applicable agreement. Any reproduction, modification, translation,
  23:.\WatchdogTimer.c **** * compilation, or representation of this software except as specified above
  24:.\WatchdogTimer.c **** * is prohibited without the express written permission of Cypress.
ARM GAS  C:\Users\JOHNNY~1\AppData\Local\Temp\cccPczVg.s 			page 2


  25:.\WatchdogTimer.c **** *
  26:.\WatchdogTimer.c **** * Disclaimer: CYPRESS MAKES NO WARRANTY OF ANY KIND, EXPRESS OR IMPLIED, WITH
  27:.\WatchdogTimer.c **** * REGARD TO THIS MATERIAL, INCLUDING, BUT NOT LIMITED TO, THE IMPLIED
  28:.\WatchdogTimer.c **** * WARRANTIES OF MERCHANTABILITY AND FITNESS FOR A PARTICULAR PURPOSE.
  29:.\WatchdogTimer.c **** * Cypress reserves the right to make changes without further notice to the
  30:.\WatchdogTimer.c **** * materials described herein. Cypress does not assume any liability arising out
  31:.\WatchdogTimer.c **** * of the application or use of any product or circuit described herein. Cypress
  32:.\WatchdogTimer.c **** * does not authorize its products for use as critical components in life-support
  33:.\WatchdogTimer.c **** * systems where a malfunction or failure may reasonably be expected to result in
  34:.\WatchdogTimer.c **** * significant injury to the user. The inclusion of Cypress' product in a life-
  35:.\WatchdogTimer.c **** * support systems application implies that the manufacturer assumes all risk of
  36:.\WatchdogTimer.c **** * such use and in doing so indemnifies Cypress against all charges.
  37:.\WatchdogTimer.c **** *
  38:.\WatchdogTimer.c **** * Use of this Software may be limited by and subject to the applicable Cypress
  39:.\WatchdogTimer.c **** * software license agreement.
  40:.\WatchdogTimer.c **** *******************************************************************************/
  41:.\WatchdogTimer.c **** 
  42:.\WatchdogTimer.c **** #include <Project.h>
  43:.\WatchdogTimer.c **** #include "main.h"
  44:.\WatchdogTimer.c **** #include "WatchdogTimer.h"
  45:.\WatchdogTimer.c **** 
  46:.\WatchdogTimer.c **** #define SEC_CNT_INC_PER_2SEC        (20u)
  47:.\WatchdogTimer.c **** 
  48:.\WatchdogTimer.c **** /*******************************************************************************
  49:.\WatchdogTimer.c **** * Global variables
  50:.\WatchdogTimer.c **** *******************************************************************************/
  51:.\WatchdogTimer.c **** /* This flag when true indicates the BLE stack is on. */
  52:.\WatchdogTimer.c **** static bool enableSecCnt = false;
  53:.\WatchdogTimer.c **** 
  54:.\WatchdogTimer.c **** /* True when counter1 interrupt is triggred atleast once */
  55:.\WatchdogTimer.c **** static bool counter1TimedOut;
  56:.\WatchdogTimer.c **** 
  57:.\WatchdogTimer.c **** /* Keeps track of SEC_CNT feild of TLM packet. */
  58:.\WatchdogTimer.c **** static uint32 SecCnt = 0;
  59:.\WatchdogTimer.c **** 
  60:.\WatchdogTimer.c **** /*******************************************************************************
  61:.\WatchdogTimer.c **** * Function Name: SetEnableSecCnt
  62:.\WatchdogTimer.c **** ********************************************************************************
  63:.\WatchdogTimer.c **** *
  64:.\WatchdogTimer.c **** * Summary:
  65:.\WatchdogTimer.c **** *  Enable or disable the increment of SEC_CNT feild of TLM packet.
  66:.\WatchdogTimer.c **** *
  67:.\WatchdogTimer.c **** * Parameters:
  68:.\WatchdogTimer.c **** *  bool: 0 - Disable the counter
  69:.\WatchdogTimer.c **** *        1 - Enable the counter
  70:.\WatchdogTimer.c **** *
  71:.\WatchdogTimer.c **** * Return:
  72:.\WatchdogTimer.c **** *  None
  73:.\WatchdogTimer.c **** *
  74:.\WatchdogTimer.c **** *******************************************************************************/
  75:.\WatchdogTimer.c **** void SetEnableSecCnt(bool value)
  76:.\WatchdogTimer.c **** {
  34              		.loc 1 76 0
  35              		.cfi_startproc
  36 0000 80B5     		push	{r7, lr}
  37              		.cfi_def_cfa_offset 8
  38              		.cfi_offset 7, -8
ARM GAS  C:\Users\JOHNNY~1\AppData\Local\Temp\cccPczVg.s 			page 3


  39              		.cfi_offset 14, -4
  40 0002 82B0     		sub	sp, sp, #8
  41              		.cfi_def_cfa_offset 16
  42 0004 00AF     		add	r7, sp, #0
  43              		.cfi_def_cfa_register 7
  44 0006 021C     		mov	r2, r0
  45 0008 FB1D     		add	r3, r7, #7
  46 000a 1A70     		strb	r2, [r3]
  77:.\WatchdogTimer.c ****     enableSecCnt = value;
  47              		.loc 1 77 0
  48 000c 034B     		ldr	r3, .L2
  49 000e FA1D     		add	r2, r7, #7
  50 0010 1278     		ldrb	r2, [r2]
  51 0012 1A70     		strb	r2, [r3]
  78:.\WatchdogTimer.c **** }
  52              		.loc 1 78 0
  53 0014 BD46     		mov	sp, r7
  54 0016 02B0     		add	sp, sp, #8
  55              		@ sp needed
  56 0018 80BD     		pop	{r7, pc}
  57              	.L3:
  58 001a C046     		.align	2
  59              	.L2:
  60 001c 00000000 		.word	enableSecCnt
  61              		.cfi_endproc
  62              	.LFE37:
  63              		.size	SetEnableSecCnt, .-SetEnableSecCnt
  64              		.section	.text.SetSecCnt,"ax",%progbits
  65              		.align	2
  66              		.global	SetSecCnt
  67              		.code	16
  68              		.thumb_func
  69              		.type	SetSecCnt, %function
  70              	SetSecCnt:
  71              	.LFB38:
  79:.\WatchdogTimer.c **** 
  80:.\WatchdogTimer.c **** /*******************************************************************************
  81:.\WatchdogTimer.c **** * Function Name: SetSecCnt
  82:.\WatchdogTimer.c **** ********************************************************************************
  83:.\WatchdogTimer.c **** *
  84:.\WatchdogTimer.c **** * Summary:
  85:.\WatchdogTimer.c **** *  Sets value of SEC_CNT feild of TLM packet.
  86:.\WatchdogTimer.c **** *
  87:.\WatchdogTimer.c **** * Parameters:
  88:.\WatchdogTimer.c **** *  uint32: value to initialize SecCnt
  89:.\WatchdogTimer.c **** *
  90:.\WatchdogTimer.c **** * Return:
  91:.\WatchdogTimer.c **** *  None
  92:.\WatchdogTimer.c **** *
  93:.\WatchdogTimer.c **** *******************************************************************************/
  94:.\WatchdogTimer.c **** void SetSecCnt(uint32 value)
  95:.\WatchdogTimer.c **** {
  72              		.loc 1 95 0
  73              		.cfi_startproc
  74 0000 80B5     		push	{r7, lr}
  75              		.cfi_def_cfa_offset 8
  76              		.cfi_offset 7, -8
ARM GAS  C:\Users\JOHNNY~1\AppData\Local\Temp\cccPczVg.s 			page 4


  77              		.cfi_offset 14, -4
  78 0002 82B0     		sub	sp, sp, #8
  79              		.cfi_def_cfa_offset 16
  80 0004 00AF     		add	r7, sp, #0
  81              		.cfi_def_cfa_register 7
  82 0006 7860     		str	r0, [r7, #4]
  96:.\WatchdogTimer.c ****     SecCnt = value;
  83              		.loc 1 96 0
  84 0008 024B     		ldr	r3, .L5
  85 000a 7A68     		ldr	r2, [r7, #4]
  86 000c 1A60     		str	r2, [r3]
  97:.\WatchdogTimer.c **** }
  87              		.loc 1 97 0
  88 000e BD46     		mov	sp, r7
  89 0010 02B0     		add	sp, sp, #8
  90              		@ sp needed
  91 0012 80BD     		pop	{r7, pc}
  92              	.L6:
  93              		.align	2
  94              	.L5:
  95 0014 04000000 		.word	SecCnt
  96              		.cfi_endproc
  97              	.LFE38:
  98              		.size	SetSecCnt, .-SetSecCnt
  99              		.section	.text.GetSecCnt,"ax",%progbits
 100              		.align	2
 101              		.global	GetSecCnt
 102              		.code	16
 103              		.thumb_func
 104              		.type	GetSecCnt, %function
 105              	GetSecCnt:
 106              	.LFB39:
  98:.\WatchdogTimer.c **** 
  99:.\WatchdogTimer.c **** /*******************************************************************************
 100:.\WatchdogTimer.c **** * Function Name: GetSecCnt
 101:.\WatchdogTimer.c **** ********************************************************************************
 102:.\WatchdogTimer.c **** *
 103:.\WatchdogTimer.c **** * Summary:
 104:.\WatchdogTimer.c **** *  Returns value of SEC_CNT feild of TLM packet.
 105:.\WatchdogTimer.c **** *
 106:.\WatchdogTimer.c **** * Parameters:
 107:.\WatchdogTimer.c **** *  None
 108:.\WatchdogTimer.c **** *
 109:.\WatchdogTimer.c **** * Return:
 110:.\WatchdogTimer.c **** *  uint32: value of SecCnt
 111:.\WatchdogTimer.c **** *
 112:.\WatchdogTimer.c **** *******************************************************************************/
 113:.\WatchdogTimer.c **** uint32 GetSecCnt(void)
 114:.\WatchdogTimer.c **** {
 107              		.loc 1 114 0
 108              		.cfi_startproc
 109 0000 80B5     		push	{r7, lr}
 110              		.cfi_def_cfa_offset 8
 111              		.cfi_offset 7, -8
 112              		.cfi_offset 14, -4
 113 0002 00AF     		add	r7, sp, #0
 114              		.cfi_def_cfa_register 7
ARM GAS  C:\Users\JOHNNY~1\AppData\Local\Temp\cccPczVg.s 			page 5


 115:.\WatchdogTimer.c ****     return SecCnt;
 115              		.loc 1 115 0
 116 0004 024B     		ldr	r3, .L9
 117 0006 1B68     		ldr	r3, [r3]
 116:.\WatchdogTimer.c **** }
 118              		.loc 1 116 0
 119 0008 181C     		mov	r0, r3
 120 000a BD46     		mov	sp, r7
 121              		@ sp needed
 122 000c 80BD     		pop	{r7, pc}
 123              	.L10:
 124 000e C046     		.align	2
 125              	.L9:
 126 0010 04000000 		.word	SecCnt
 127              		.cfi_endproc
 128              	.LFE39:
 129              		.size	GetSecCnt, .-GetSecCnt
 130              		.section	.text.WDT_Handler,"ax",%progbits
 131              		.align	2
 132              		.global	WDT_Handler
 133              		.code	16
 134              		.thumb_func
 135              		.type	WDT_Handler, %function
 136              	WDT_Handler:
 137              	.LFB40:
 117:.\WatchdogTimer.c **** 
 118:.\WatchdogTimer.c **** /*******************************************************************************
 119:.\WatchdogTimer.c **** * Function Name: WDT_Handler
 120:.\WatchdogTimer.c **** ********************************************************************************
 121:.\WatchdogTimer.c **** *
 122:.\WatchdogTimer.c **** * Summary:
 123:.\WatchdogTimer.c **** *  Watchdog timer(WDT) interrupt handler routine. WDT is used to wakeup the
 124:.\WatchdogTimer.c **** *  device after WCO or ECO has started and for advertisement payload updates.
 125:.\WatchdogTimer.c **** *
 126:.\WatchdogTimer.c **** * Parameters:
 127:.\WatchdogTimer.c **** *  None
 128:.\WatchdogTimer.c **** *
 129:.\WatchdogTimer.c **** * Return:
 130:.\WatchdogTimer.c **** *  None
 131:.\WatchdogTimer.c **** *
 132:.\WatchdogTimer.c **** *******************************************************************************/
 133:.\WatchdogTimer.c **** CY_ISR(WDT_Handler)
 134:.\WatchdogTimer.c **** {
 138              		.loc 1 134 0
 139              		.cfi_startproc
 140 0000 80B5     		push	{r7, lr}
 141              		.cfi_def_cfa_offset 8
 142              		.cfi_offset 7, -8
 143              		.cfi_offset 14, -4
 144 0002 82B0     		sub	sp, sp, #8
 145              		.cfi_def_cfa_offset 16
 146 0004 00AF     		add	r7, sp, #0
 147              		.cfi_def_cfa_register 7
 135:.\WatchdogTimer.c ****     uint32 tempCnt;
 136:.\WatchdogTimer.c **** 
 137:.\WatchdogTimer.c ****     /* WDT interrupt is only used as a source of wakeup for PSoC 4 BLE device
 138:.\WatchdogTimer.c ****     *  in this example project. Clearing the WDT interrupt status is all that is
ARM GAS  C:\Users\JOHNNY~1\AppData\Local\Temp\cccPczVg.s 			page 6


 139:.\WatchdogTimer.c ****     *  required in this example project
 140:.\WatchdogTimer.c ****     */
 141:.\WatchdogTimer.c ****     if(CySysWdtGetInterruptSource() & CY_SYS_WDT_COUNTER0_INT)
 148              		.loc 1 141 0
 149 0006 FFF7FEFF 		bl	CySysWdtGetInterruptSource
 150 000a 021C     		mov	r2, r0
 151 000c 0423     		mov	r3, #4
 152 000e 1340     		and	r3, r2
 153 0010 19D0     		beq	.L12
 142:.\WatchdogTimer.c ****     {
 143:.\WatchdogTimer.c ****         /* WDT counter is configured to trigger interrupt at every 2 seconds */
 144:.\WatchdogTimer.c ****         if(enableSecCnt == true)
 154              		.loc 1 144 0
 155 0012 164B     		ldr	r3, .L16
 156 0014 1B78     		ldrb	r3, [r3]
 157 0016 002B     		cmp	r3, #0
 158 0018 12D0     		beq	.L13
 145:.\WatchdogTimer.c ****         {
 146:.\WatchdogTimer.c ****             /* Time should be of 0.1 seconds(100ms) resolution. As interrupt
 147:.\WatchdogTimer.c ****             *  triggers at every ~2 seconds, hence 2000 / 100 = 20 */
 148:.\WatchdogTimer.c ****             tempCnt = SecCnt + SEC_CNT_INC_PER_2SEC;
 159              		.loc 1 148 0
 160 001a 154B     		ldr	r3, .L16+4
 161 001c 1B68     		ldr	r3, [r3]
 162 001e 1433     		add	r3, r3, #20
 163 0020 7B60     		str	r3, [r7, #4]
 149:.\WatchdogTimer.c **** 
 150:.\WatchdogTimer.c ****             /* On timer overflow reset both timer and packet count */
 151:.\WatchdogTimer.c ****             if(tempCnt < SecCnt)
 164              		.loc 1 151 0
 165 0022 134B     		ldr	r3, .L16+4
 166 0024 1B68     		ldr	r3, [r3]
 167 0026 7A68     		ldr	r2, [r7, #4]
 168 0028 9A42     		cmp	r2, r3
 169 002a 06D2     		bcs	.L14
 152:.\WatchdogTimer.c ****             {
 153:.\WatchdogTimer.c ****                 /* timeSincePowerOn is reset */
 154:.\WatchdogTimer.c ****                 SecCnt = 0;
 170              		.loc 1 154 0
 171 002c 104B     		ldr	r3, .L16+4
 172 002e 0022     		mov	r2, #0
 173 0030 1A60     		str	r2, [r3]
 155:.\WatchdogTimer.c ****                 /* advPacketCount is reset */
 156:.\WatchdogTimer.c ****                 SetAdvPacketCount(0);
 174              		.loc 1 156 0
 175 0032 0020     		mov	r0, #0
 176 0034 FFF7FEFF 		bl	SetAdvPacketCount
 177 0038 02E0     		b	.L13
 178              	.L14:
 157:.\WatchdogTimer.c ****             }
 158:.\WatchdogTimer.c ****             else
 159:.\WatchdogTimer.c ****             {
 160:.\WatchdogTimer.c ****                 SecCnt = tempCnt;
 179              		.loc 1 160 0
 180 003a 0D4B     		ldr	r3, .L16+4
 181 003c 7A68     		ldr	r2, [r7, #4]
 182 003e 1A60     		str	r2, [r3]
ARM GAS  C:\Users\JOHNNY~1\AppData\Local\Temp\cccPczVg.s 			page 7


 183              	.L13:
 161:.\WatchdogTimer.c ****             }
 162:.\WatchdogTimer.c ****         }
 163:.\WatchdogTimer.c **** 
 164:.\WatchdogTimer.c ****         CySysWdtClearInterrupt(CY_SYS_WDT_COUNTER0_INT);
 184              		.loc 1 164 0
 185 0040 0420     		mov	r0, #4
 186 0042 FFF7FEFF 		bl	CySysWdtClearInterrupt
 187              	.L12:
 165:.\WatchdogTimer.c ****     }
 166:.\WatchdogTimer.c **** 
 167:.\WatchdogTimer.c ****     if(CySysWdtGetInterruptSource() & CY_SYS_WDT_COUNTER1_INT)
 188              		.loc 1 167 0
 189 0046 FFF7FEFF 		bl	CySysWdtGetInterruptSource
 190 004a 021C     		mov	r2, r0
 191 004c 8023     		mov	r3, #128
 192 004e DB00     		lsl	r3, r3, #3
 193 0050 1340     		and	r3, r2
 194 0052 07D0     		beq	.L11
 168:.\WatchdogTimer.c ****     {
 169:.\WatchdogTimer.c ****         CySysWdtClearInterrupt(CY_SYS_WDT_COUNTER1_INT);
 195              		.loc 1 169 0
 196 0054 8023     		mov	r3, #128
 197 0056 DB00     		lsl	r3, r3, #3
 198 0058 181C     		mov	r0, r3
 199 005a FFF7FEFF 		bl	CySysWdtClearInterrupt
 170:.\WatchdogTimer.c ****         counter1TimedOut = true;
 200              		.loc 1 170 0
 201 005e 054B     		ldr	r3, .L16+8
 202 0060 0122     		mov	r2, #1
 203 0062 1A70     		strb	r2, [r3]
 204              	.L11:
 171:.\WatchdogTimer.c ****     }
 172:.\WatchdogTimer.c **** }
 205              		.loc 1 172 0
 206 0064 BD46     		mov	sp, r7
 207 0066 02B0     		add	sp, sp, #8
 208              		@ sp needed
 209 0068 80BD     		pop	{r7, pc}
 210              	.L17:
 211 006a C046     		.align	2
 212              	.L16:
 213 006c 00000000 		.word	enableSecCnt
 214 0070 04000000 		.word	SecCnt
 215 0074 01000000 		.word	counter1TimedOut
 216              		.cfi_endproc
 217              	.LFE40:
 218              		.size	WDT_Handler, .-WDT_Handler
 219              		.section	.text.WDT_Initialize,"ax",%progbits
 220              		.align	2
 221              		.global	WDT_Initialize
 222              		.code	16
 223              		.thumb_func
 224              		.type	WDT_Initialize, %function
 225              	WDT_Initialize:
 226              	.LFB41:
 173:.\WatchdogTimer.c **** 
ARM GAS  C:\Users\JOHNNY~1\AppData\Local\Temp\cccPczVg.s 			page 8


 174:.\WatchdogTimer.c **** /*******************************************************************************
 175:.\WatchdogTimer.c **** * Function Name: WDT_Initialize
 176:.\WatchdogTimer.c **** ********************************************************************************
 177:.\WatchdogTimer.c **** *
 178:.\WatchdogTimer.c **** * Summary:
 179:.\WatchdogTimer.c **** *  Configures a watchdog counter with the given count and interrupt period.
 180:.\WatchdogTimer.c **** *
 181:.\WatchdogTimer.c **** * Parameters:
 182:.\WatchdogTimer.c **** *  uint32: counter number
 183:.\WatchdogTimer.c **** *  uint32: set the period for the counter interrupt
 184:.\WatchdogTimer.c **** *
 185:.\WatchdogTimer.c **** * Return:
 186:.\WatchdogTimer.c **** *  None
 187:.\WatchdogTimer.c **** *
 188:.\WatchdogTimer.c **** *******************************************************************************/
 189:.\WatchdogTimer.c **** void WDT_Initialize(uint32 counterNum, uint32 period)
 190:.\WatchdogTimer.c **** {
 227              		.loc 1 190 0
 228              		.cfi_startproc
 229 0000 80B5     		push	{r7, lr}
 230              		.cfi_def_cfa_offset 8
 231              		.cfi_offset 7, -8
 232              		.cfi_offset 14, -4
 233 0002 82B0     		sub	sp, sp, #8
 234              		.cfi_def_cfa_offset 16
 235 0004 00AF     		add	r7, sp, #0
 236              		.cfi_def_cfa_register 7
 237 0006 7860     		str	r0, [r7, #4]
 238 0008 3960     		str	r1, [r7]
 191:.\WatchdogTimer.c ****     /* Unlock the WDT registers for modification. Note that WDT is running from
 192:.\WatchdogTimer.c ****     *  ILO now */
 193:.\WatchdogTimer.c ****     CySysWdtUnlock();
 239              		.loc 1 193 0
 240 000a FFF7FEFF 		bl	CySysWdtUnlock
 194:.\WatchdogTimer.c **** 
 195:.\WatchdogTimer.c ****     /* Configure counter # in interrupt mode */
 196:.\WatchdogTimer.c ****     CySysWdtWriteMode(counterNum, CY_SYS_WDT_MODE_INT);
 241              		.loc 1 196 0
 242 000e 7B68     		ldr	r3, [r7, #4]
 243 0010 181C     		mov	r0, r3
 244 0012 0121     		mov	r1, #1
 245 0014 FFF7FEFF 		bl	CySysWdtSetMode
 197:.\WatchdogTimer.c **** 
 198:.\WatchdogTimer.c ****     /* counter # with specified period */
 199:.\WatchdogTimer.c ****     CySysWdtWriteClearOnMatch(counterNum, COUNTER_ENABLE);
 246              		.loc 1 199 0
 247 0018 7B68     		ldr	r3, [r7, #4]
 248 001a 181C     		mov	r0, r3
 249 001c 0121     		mov	r1, #1
 250 001e FFF7FEFF 		bl	CySysWdtSetClearOnMatch
 200:.\WatchdogTimer.c **** 
 201:.\WatchdogTimer.c ****     /* counter # with specified period */
 202:.\WatchdogTimer.c ****     CySysWdtWriteMatch(counterNum, period);
 251              		.loc 1 202 0
 252 0022 7A68     		ldr	r2, [r7, #4]
 253 0024 3B68     		ldr	r3, [r7]
 254 0026 101C     		mov	r0, r2
ARM GAS  C:\Users\JOHNNY~1\AppData\Local\Temp\cccPczVg.s 			page 9


 255 0028 191C     		mov	r1, r3
 256 002a FFF7FEFF 		bl	CySysWdtSetMatch
 203:.\WatchdogTimer.c **** 
 204:.\WatchdogTimer.c ****     /* Lock WDT timer */
 205:.\WatchdogTimer.c ****     CySysWdtLock();
 257              		.loc 1 205 0
 258 002e FFF7FEFF 		bl	CySysWdtLock
 206:.\WatchdogTimer.c **** }
 259              		.loc 1 206 0
 260 0032 BD46     		mov	sp, r7
 261 0034 02B0     		add	sp, sp, #8
 262              		@ sp needed
 263 0036 80BD     		pop	{r7, pc}
 264              		.cfi_endproc
 265              	.LFE41:
 266              		.size	WDT_Initialize, .-WDT_Initialize
 267              		.section	.text.WDT_EnableCounter,"ax",%progbits
 268              		.align	2
 269              		.global	WDT_EnableCounter
 270              		.code	16
 271              		.thumb_func
 272              		.type	WDT_EnableCounter, %function
 273              	WDT_EnableCounter:
 274              	.LFB42:
 207:.\WatchdogTimer.c **** 
 208:.\WatchdogTimer.c **** /*******************************************************************************
 209:.\WatchdogTimer.c **** * Function Name: WDT_EnableCounter
 210:.\WatchdogTimer.c **** ********************************************************************************
 211:.\WatchdogTimer.c **** *
 212:.\WatchdogTimer.c **** * Summary:
 213:.\WatchdogTimer.c **** *  Enables WDT counter #
 214:.\WatchdogTimer.c **** *
 215:.\WatchdogTimer.c **** * Parameters:
 216:.\WatchdogTimer.c **** *  uint32: counter mask
 217:.\WatchdogTimer.c **** *
 218:.\WatchdogTimer.c **** * Return:
 219:.\WatchdogTimer.c **** *  None
 220:.\WatchdogTimer.c **** *
 221:.\WatchdogTimer.c **** *******************************************************************************/
 222:.\WatchdogTimer.c **** void WDT_EnableCounter(uint32 counterMask)
 223:.\WatchdogTimer.c **** {
 275              		.loc 1 223 0
 276              		.cfi_startproc
 277 0000 80B5     		push	{r7, lr}
 278              		.cfi_def_cfa_offset 8
 279              		.cfi_offset 7, -8
 280              		.cfi_offset 14, -4
 281 0002 82B0     		sub	sp, sp, #8
 282              		.cfi_def_cfa_offset 16
 283 0004 00AF     		add	r7, sp, #0
 284              		.cfi_def_cfa_register 7
 285 0006 7860     		str	r0, [r7, #4]
 224:.\WatchdogTimer.c ****     CySysWdtUnlock();
 286              		.loc 1 224 0
 287 0008 FFF7FEFF 		bl	CySysWdtUnlock
 225:.\WatchdogTimer.c **** 
 226:.\WatchdogTimer.c ****     CySysWdtEnable(counterMask);
ARM GAS  C:\Users\JOHNNY~1\AppData\Local\Temp\cccPczVg.s 			page 10


 288              		.loc 1 226 0
 289 000c 7B68     		ldr	r3, [r7, #4]
 290 000e 181C     		mov	r0, r3
 291 0010 FFF7FEFF 		bl	CySysWdtEnable
 227:.\WatchdogTimer.c **** 
 228:.\WatchdogTimer.c ****     CySysWdtLock();
 292              		.loc 1 228 0
 293 0014 FFF7FEFF 		bl	CySysWdtLock
 229:.\WatchdogTimer.c **** }
 294              		.loc 1 229 0
 295 0018 BD46     		mov	sp, r7
 296 001a 02B0     		add	sp, sp, #8
 297              		@ sp needed
 298 001c 80BD     		pop	{r7, pc}
 299              		.cfi_endproc
 300              	.LFE42:
 301              		.size	WDT_EnableCounter, .-WDT_EnableCounter
 302 001e C046     		.section	.text.WDT_DisableCounter,"ax",%progbits
 303              		.align	2
 304              		.global	WDT_DisableCounter
 305              		.code	16
 306              		.thumb_func
 307              		.type	WDT_DisableCounter, %function
 308              	WDT_DisableCounter:
 309              	.LFB43:
 230:.\WatchdogTimer.c **** 
 231:.\WatchdogTimer.c **** /*******************************************************************************
 232:.\WatchdogTimer.c **** * Function Name: WDT_DisableCounter
 233:.\WatchdogTimer.c **** ********************************************************************************
 234:.\WatchdogTimer.c **** *
 235:.\WatchdogTimer.c **** * Summary:
 236:.\WatchdogTimer.c **** *  Disable WDT counter #
 237:.\WatchdogTimer.c **** *
 238:.\WatchdogTimer.c **** * Parameters:
 239:.\WatchdogTimer.c **** *  uint32: counter mask
 240:.\WatchdogTimer.c **** *
 241:.\WatchdogTimer.c **** * Return:
 242:.\WatchdogTimer.c **** *  None
 243:.\WatchdogTimer.c **** *
 244:.\WatchdogTimer.c **** *******************************************************************************/
 245:.\WatchdogTimer.c **** void WDT_DisableCounter(uint32 counterMask)
 246:.\WatchdogTimer.c **** {
 310              		.loc 1 246 0
 311              		.cfi_startproc
 312 0000 80B5     		push	{r7, lr}
 313              		.cfi_def_cfa_offset 8
 314              		.cfi_offset 7, -8
 315              		.cfi_offset 14, -4
 316 0002 82B0     		sub	sp, sp, #8
 317              		.cfi_def_cfa_offset 16
 318 0004 00AF     		add	r7, sp, #0
 319              		.cfi_def_cfa_register 7
 320 0006 7860     		str	r0, [r7, #4]
 247:.\WatchdogTimer.c ****     CySysWdtUnlock();
 321              		.loc 1 247 0
 322 0008 FFF7FEFF 		bl	CySysWdtUnlock
 248:.\WatchdogTimer.c **** 
ARM GAS  C:\Users\JOHNNY~1\AppData\Local\Temp\cccPczVg.s 			page 11


 249:.\WatchdogTimer.c ****     CySysWdtDisable(counterMask);
 323              		.loc 1 249 0
 324 000c 7B68     		ldr	r3, [r7, #4]
 325 000e 181C     		mov	r0, r3
 326 0010 FFF7FEFF 		bl	CySysWdtDisable
 250:.\WatchdogTimer.c **** 
 251:.\WatchdogTimer.c ****     CySysWdtLock();
 327              		.loc 1 251 0
 328 0014 FFF7FEFF 		bl	CySysWdtLock
 252:.\WatchdogTimer.c **** }
 329              		.loc 1 252 0
 330 0018 BD46     		mov	sp, r7
 331 001a 02B0     		add	sp, sp, #8
 332              		@ sp needed
 333 001c 80BD     		pop	{r7, pc}
 334              		.cfi_endproc
 335              	.LFE43:
 336              		.size	WDT_DisableCounter, .-WDT_DisableCounter
 337 001e C046     		.section	.text.LowPowerWait,"ax",%progbits
 338              		.align	2
 339              		.global	LowPowerWait
 340              		.code	16
 341              		.thumb_func
 342              		.type	LowPowerWait, %function
 343              	LowPowerWait:
 344              	.LFB44:
 253:.\WatchdogTimer.c **** 
 254:.\WatchdogTimer.c **** /*******************************************************************************
 255:.\WatchdogTimer.c **** * Function Name: LowPowerWait
 256:.\WatchdogTimer.c **** ********************************************************************************
 257:.\WatchdogTimer.c **** *
 258:.\WatchdogTimer.c **** * Summary:
 259:.\WatchdogTimer.c **** *   This function waits in low power for a certain period.
 260:.\WatchdogTimer.c **** *
 261:.\WatchdogTimer.c **** * Parameters:
 262:.\WatchdogTimer.c **** *  uint32: period to wait for while in low power state
 263:.\WatchdogTimer.c **** *
 264:.\WatchdogTimer.c **** * Return:
 265:.\WatchdogTimer.c **** *  None
 266:.\WatchdogTimer.c **** *
 267:.\WatchdogTimer.c **** *******************************************************************************/
 268:.\WatchdogTimer.c **** void LowPowerWait(uint32 period)
 269:.\WatchdogTimer.c **** {
 345              		.loc 1 269 0
 346              		.cfi_startproc
 347 0000 80B5     		push	{r7, lr}
 348              		.cfi_def_cfa_offset 8
 349              		.cfi_offset 7, -8
 350              		.cfi_offset 14, -4
 351 0002 82B0     		sub	sp, sp, #8
 352              		.cfi_def_cfa_offset 16
 353 0004 00AF     		add	r7, sp, #0
 354              		.cfi_def_cfa_register 7
 355 0006 7860     		str	r0, [r7, #4]
 270:.\WatchdogTimer.c ****     /* Reset timeout flag */
 271:.\WatchdogTimer.c ****     counter1TimedOut = false;
 356              		.loc 1 271 0
ARM GAS  C:\Users\JOHNNY~1\AppData\Local\Temp\cccPczVg.s 			page 12


 357 0008 0E4B     		ldr	r3, .L23
 358 000a 0022     		mov	r2, #0
 359 000c 1A70     		strb	r2, [r3]
 272:.\WatchdogTimer.c **** 
 273:.\WatchdogTimer.c ****     /* Setup counter0 for ECO startup */
 274:.\WatchdogTimer.c ****     WDT_Initialize(CY_SYS_WDT_COUNTER1, period);
 360              		.loc 1 274 0
 361 000e 7B68     		ldr	r3, [r7, #4]
 362 0010 0120     		mov	r0, #1
 363 0012 191C     		mov	r1, r3
 364 0014 FFF7FEFF 		bl	WDT_Initialize
 275:.\WatchdogTimer.c **** 
 276:.\WatchdogTimer.c ****     /* Enable WDT counter 1 */
 277:.\WatchdogTimer.c ****     WDT_EnableCounter(CY_SYS_WDT_COUNTER1_MASK);
 365              		.loc 1 277 0
 366 0018 8023     		mov	r3, #128
 367 001a 5B00     		lsl	r3, r3, #1
 368 001c 181C     		mov	r0, r3
 369 001e FFF7FEFF 		bl	WDT_EnableCounter
 370              	.L22:
 278:.\WatchdogTimer.c **** 
 279:.\WatchdogTimer.c ****     do
 280:.\WatchdogTimer.c ****     {
 281:.\WatchdogTimer.c ****         /* Put CPU and BLESS to low power mode */
 282:.\WatchdogTimer.c ****         LowPower();
 371              		.loc 1 282 0 discriminator 1
 372 0022 FFF7FEFF 		bl	LowPower
 283:.\WatchdogTimer.c ****     } while(counter1TimedOut == false);
 373              		.loc 1 283 0 discriminator 1
 374 0026 074B     		ldr	r3, .L23
 375 0028 1B78     		ldrb	r3, [r3]
 376 002a 0122     		mov	r2, #1
 377 002c 5340     		eor	r3, r2
 378 002e DBB2     		uxtb	r3, r3
 379 0030 002B     		cmp	r3, #0
 380 0032 F6D1     		bne	.L22
 284:.\WatchdogTimer.c **** 
 285:.\WatchdogTimer.c ****     /* Disable counter 1 */
 286:.\WatchdogTimer.c ****     WDT_DisableCounter(CY_SYS_WDT_COUNTER1_MASK);
 381              		.loc 1 286 0
 382 0034 8023     		mov	r3, #128
 383 0036 5B00     		lsl	r3, r3, #1
 384 0038 181C     		mov	r0, r3
 385 003a FFF7FEFF 		bl	WDT_DisableCounter
 287:.\WatchdogTimer.c **** }
 386              		.loc 1 287 0
 387 003e BD46     		mov	sp, r7
 388 0040 02B0     		add	sp, sp, #8
 389              		@ sp needed
 390 0042 80BD     		pop	{r7, pc}
 391              	.L24:
 392              		.align	2
 393              	.L23:
 394 0044 01000000 		.word	counter1TimedOut
 395              		.cfi_endproc
 396              	.LFE44:
 397              		.size	LowPowerWait, .-LowPowerWait
ARM GAS  C:\Users\JOHNNY~1\AppData\Local\Temp\cccPczVg.s 			page 13


 398              		.text
 399              	.Letext0:
 400              		.file 2 "Generated_Source\\PSoC4/cytypes.h"
 401              		.file 3 "Generated_Source\\PSoC4/BLE_Stack.h"
 402              		.section	.debug_info,"",%progbits
 403              	.Ldebug_info0:
 404 0000 70030000 		.4byte	0x370
 405 0004 0400     		.2byte	0x4
 406 0006 00000000 		.4byte	.Ldebug_abbrev0
 407 000a 04       		.byte	0x4
 408 000b 01       		.uleb128 0x1
 409 000c 31050000 		.4byte	.LASF86
 410 0010 01       		.byte	0x1
 411 0011 4A000000 		.4byte	.LASF87
 412 0015 1D060000 		.4byte	.LASF88
 413 0019 00000000 		.4byte	.Ldebug_ranges0+0
 414 001d 00000000 		.4byte	0
 415 0021 00000000 		.4byte	.Ldebug_line0
 416 0025 02       		.uleb128 0x2
 417 0026 01       		.byte	0x1
 418 0027 06       		.byte	0x6
 419 0028 E8030000 		.4byte	.LASF0
 420 002c 02       		.uleb128 0x2
 421 002d 01       		.byte	0x1
 422 002e 08       		.byte	0x8
 423 002f 7E030000 		.4byte	.LASF1
 424 0033 02       		.uleb128 0x2
 425 0034 02       		.byte	0x2
 426 0035 05       		.byte	0x5
 427 0036 5C000000 		.4byte	.LASF2
 428 003a 02       		.uleb128 0x2
 429 003b 02       		.byte	0x2
 430 003c 07       		.byte	0x7
 431 003d DB050000 		.4byte	.LASF3
 432 0041 02       		.uleb128 0x2
 433 0042 04       		.byte	0x4
 434 0043 05       		.byte	0x5
 435 0044 46020000 		.4byte	.LASF4
 436 0048 02       		.uleb128 0x2
 437 0049 04       		.byte	0x4
 438 004a 07       		.byte	0x7
 439 004b 70020000 		.4byte	.LASF5
 440 004f 02       		.uleb128 0x2
 441 0050 08       		.byte	0x8
 442 0051 05       		.byte	0x5
 443 0052 21020000 		.4byte	.LASF6
 444 0056 02       		.uleb128 0x2
 445 0057 08       		.byte	0x8
 446 0058 07       		.byte	0x7
 447 0059 2F020000 		.4byte	.LASF7
 448 005d 03       		.uleb128 0x3
 449 005e 04       		.byte	0x4
 450 005f 05       		.byte	0x5
 451 0060 696E7400 		.ascii	"int\000"
 452 0064 02       		.uleb128 0x2
 453 0065 04       		.byte	0x4
 454 0066 07       		.byte	0x7
ARM GAS  C:\Users\JOHNNY~1\AppData\Local\Temp\cccPczVg.s 			page 14


 455 0067 63040000 		.4byte	.LASF8
 456 006b 04       		.uleb128 0x4
 457 006c A8060000 		.4byte	.LASF89
 458 0070 02       		.byte	0x2
 459 0071 3A01     		.2byte	0x13a
 460 0073 48000000 		.4byte	0x48
 461 0077 02       		.uleb128 0x2
 462 0078 04       		.byte	0x4
 463 0079 04       		.byte	0x4
 464 007a E8010000 		.4byte	.LASF9
 465 007e 02       		.uleb128 0x2
 466 007f 08       		.byte	0x8
 467 0080 04       		.byte	0x4
 468 0081 F0060000 		.4byte	.LASF10
 469 0085 02       		.uleb128 0x2
 470 0086 01       		.byte	0x1
 471 0087 08       		.byte	0x8
 472 0088 2C050000 		.4byte	.LASF11
 473 008c 02       		.uleb128 0x2
 474 008d 04       		.byte	0x4
 475 008e 07       		.byte	0x7
 476 008f 80000000 		.4byte	.LASF12
 477 0093 05       		.uleb128 0x5
 478 0094 01       		.byte	0x1
 479 0095 03       		.byte	0x3
 480 0096 A4       		.byte	0xa4
 481 0097 18020000 		.4byte	0x218
 482 009b 06       		.uleb128 0x6
 483 009c 92010000 		.4byte	.LASF13
 484 00a0 00       		.sleb128 0
 485 00a1 06       		.uleb128 0x6
 486 00a2 15010000 		.4byte	.LASF14
 487 00a6 01       		.sleb128 1
 488 00a7 06       		.uleb128 0x6
 489 00a8 1A080000 		.4byte	.LASF15
 490 00ac 02       		.sleb128 2
 491 00ad 06       		.uleb128 0x6
 492 00ae 24070000 		.4byte	.LASF16
 493 00b2 03       		.sleb128 3
 494 00b3 06       		.uleb128 0x6
 495 00b4 CC000000 		.4byte	.LASF17
 496 00b8 04       		.sleb128 4
 497 00b9 06       		.uleb128 0x6
 498 00ba EA020000 		.4byte	.LASF18
 499 00be 05       		.sleb128 5
 500 00bf 06       		.uleb128 0x6
 501 00c0 82070000 		.4byte	.LASF19
 502 00c4 20       		.sleb128 32
 503 00c5 06       		.uleb128 0x6
 504 00c6 9A040000 		.4byte	.LASF20
 505 00ca 21       		.sleb128 33
 506 00cb 06       		.uleb128 0x6
 507 00cc 00000000 		.4byte	.LASF21
 508 00d0 22       		.sleb128 34
 509 00d1 06       		.uleb128 0x6
 510 00d2 06030000 		.4byte	.LASF22
 511 00d6 23       		.sleb128 35
ARM GAS  C:\Users\JOHNNY~1\AppData\Local\Temp\cccPczVg.s 			page 15


 512 00d7 06       		.uleb128 0x6
 513 00d8 47040000 		.4byte	.LASF23
 514 00dc 24       		.sleb128 36
 515 00dd 06       		.uleb128 0x6
 516 00de 66000000 		.4byte	.LASF24
 517 00e2 25       		.sleb128 37
 518 00e3 06       		.uleb128 0x6
 519 00e4 A1020000 		.4byte	.LASF25
 520 00e8 26       		.sleb128 38
 521 00e9 06       		.uleb128 0x6
 522 00ea 82020000 		.4byte	.LASF26
 523 00ee 27       		.sleb128 39
 524 00ef 06       		.uleb128 0x6
 525 00f0 F6080000 		.4byte	.LASF27
 526 00f4 28       		.sleb128 40
 527 00f5 06       		.uleb128 0x6
 528 00f6 A0000000 		.4byte	.LASF28
 529 00fa 29       		.sleb128 41
 530 00fb 06       		.uleb128 0x6
 531 00fc 03050000 		.4byte	.LASF29
 532 0100 2A       		.sleb128 42
 533 0101 06       		.uleb128 0x6
 534 0102 60080000 		.4byte	.LASF30
 535 0106 2B       		.sleb128 43
 536 0107 06       		.uleb128 0x6
 537 0108 DF040000 		.4byte	.LASF31
 538 010c 2C       		.sleb128 44
 539 010d 06       		.uleb128 0x6
 540 010e 30000000 		.4byte	.LASF32
 541 0112 C000     		.sleb128 64
 542 0114 06       		.uleb128 0x6
 543 0115 77040000 		.4byte	.LASF33
 544 0119 C100     		.sleb128 65
 545 011b 06       		.uleb128 0x6
 546 011c 3C090000 		.4byte	.LASF34
 547 0120 C200     		.sleb128 66
 548 0122 06       		.uleb128 0x6
 549 0123 28010000 		.4byte	.LASF35
 550 0127 C300     		.sleb128 67
 551 0129 06       		.uleb128 0x6
 552 012a FC070000 		.4byte	.LASF36
 553 012e C400     		.sleb128 68
 554 0130 06       		.uleb128 0x6
 555 0131 B7070000 		.4byte	.LASF37
 556 0135 C500     		.sleb128 69
 557 0137 06       		.uleb128 0x6
 558 0138 E1000000 		.4byte	.LASF38
 559 013c C600     		.sleb128 70
 560 013e 06       		.uleb128 0x6
 561 013f CA030000 		.4byte	.LASF39
 562 0143 C700     		.sleb128 71
 563 0145 06       		.uleb128 0x6
 564 0146 0E040000 		.4byte	.LASF40
 565 014a C800     		.sleb128 72
 566 014c 06       		.uleb128 0x6
 567 014d EE010000 		.4byte	.LASF41
 568 0151 C900     		.sleb128 73
ARM GAS  C:\Users\JOHNNY~1\AppData\Local\Temp\cccPczVg.s 			page 16


 569 0153 06       		.uleb128 0x6
 570 0154 FF050000 		.4byte	.LASF42
 571 0158 CA00     		.sleb128 74
 572 015a 06       		.uleb128 0x6
 573 015b 52010000 		.4byte	.LASF43
 574 015f CB00     		.sleb128 75
 575 0161 06       		.uleb128 0x6
 576 0162 F4030000 		.4byte	.LASF44
 577 0166 CC00     		.sleb128 76
 578 0168 06       		.uleb128 0x6
 579 0169 07020000 		.4byte	.LASF45
 580 016d CD00     		.sleb128 77
 581 016f 06       		.uleb128 0x6
 582 0170 DE070000 		.4byte	.LASF46
 583 0174 CE00     		.sleb128 78
 584 0176 06       		.uleb128 0x6
 585 0177 8C030000 		.4byte	.LASF47
 586 017b CF00     		.sleb128 79
 587 017d 06       		.uleb128 0x6
 588 017e D0080000 		.4byte	.LASF48
 589 0182 D000     		.sleb128 80
 590 0184 06       		.uleb128 0x6
 591 0185 89060000 		.4byte	.LASF49
 592 0189 D100     		.sleb128 81
 593 018b 06       		.uleb128 0x6
 594 018c C9020000 		.4byte	.LASF50
 595 0190 D200     		.sleb128 82
 596 0192 06       		.uleb128 0x6
 597 0193 4F020000 		.4byte	.LASF51
 598 0197 D300     		.sleb128 83
 599 0199 06       		.uleb128 0x6
 600 019a 71010000 		.4byte	.LASF52
 601 019e D400     		.sleb128 84
 602 01a0 06       		.uleb128 0x6
 603 01a1 18090000 		.4byte	.LASF53
 604 01a5 D500     		.sleb128 85
 605 01a7 06       		.uleb128 0x6
 606 01a8 A8080000 		.4byte	.LASF54
 607 01ac D600     		.sleb128 86
 608 01ae 06       		.uleb128 0x6
 609 01af 7F080000 		.4byte	.LASF55
 610 01b3 D700     		.sleb128 87
 611 01b5 06       		.uleb128 0x6
 612 01b6 58030000 		.4byte	.LASF56
 613 01ba F000     		.sleb128 112
 614 01bc 06       		.uleb128 0x6
 615 01bd 5C070000 		.4byte	.LASF57
 616 01c1 F100     		.sleb128 113
 617 01c3 06       		.uleb128 0x6
 618 01c4 BF050000 		.4byte	.LASF58
 619 01c8 F200     		.sleb128 114
 620 01ca 06       		.uleb128 0x6
 621 01cb A9010000 		.4byte	.LASF59
 622 01cf F300     		.sleb128 115
 623 01d1 06       		.uleb128 0x6
 624 01d2 2C030000 		.4byte	.LASF60
 625 01d6 F400     		.sleb128 116
ARM GAS  C:\Users\JOHNNY~1\AppData\Local\Temp\cccPczVg.s 			page 17


 626 01d8 06       		.uleb128 0x6
 627 01d9 B1040000 		.4byte	.LASF61
 628 01dd F500     		.sleb128 117
 629 01df 06       		.uleb128 0x6
 630 01e0 C7010000 		.4byte	.LASF62
 631 01e4 F600     		.sleb128 118
 632 01e6 06       		.uleb128 0x6
 633 01e7 3D070000 		.4byte	.LASF63
 634 01eb F700     		.sleb128 119
 635 01ed 06       		.uleb128 0x6
 636 01ee CD060000 		.4byte	.LASF64
 637 01f2 F800     		.sleb128 120
 638 01f4 06       		.uleb128 0x6
 639 01f5 F7060000 		.4byte	.LASF65
 640 01f9 F900     		.sleb128 121
 641 01fb 06       		.uleb128 0x6
 642 01fc 3C080000 		.4byte	.LASF66
 643 0200 FA00     		.sleb128 122
 644 0202 06       		.uleb128 0x6
 645 0203 AF060000 		.4byte	.LASF67
 646 0207 FA01     		.sleb128 250
 647 0209 06       		.uleb128 0x6
 648 020a AB030000 		.4byte	.LASF68
 649 020e FB01     		.sleb128 251
 650 0210 06       		.uleb128 0x6
 651 0211 4A030000 		.4byte	.LASF69
 652 0215 FF01     		.sleb128 255
 653 0217 00       		.byte	0
 654 0218 07       		.uleb128 0x7
 655 0219 2C080000 		.4byte	.LASF71
 656 021d 01       		.byte	0x1
 657 021e 4B       		.byte	0x4b
 658 021f 00000000 		.4byte	.LFB37
 659 0223 20000000 		.4byte	.LFE37-.LFB37
 660 0227 01       		.uleb128 0x1
 661 0228 9C       		.byte	0x9c
 662 0229 3C020000 		.4byte	0x23c
 663 022d 08       		.uleb128 0x8
 664 022e CA080000 		.4byte	.LASF73
 665 0232 01       		.byte	0x1
 666 0233 4B       		.byte	0x4b
 667 0234 3C020000 		.4byte	0x23c
 668 0238 02       		.uleb128 0x2
 669 0239 91       		.byte	0x91
 670 023a 77       		.sleb128 -9
 671 023b 00       		.byte	0
 672 023c 02       		.uleb128 0x2
 673 023d 01       		.byte	0x1
 674 023e 02       		.byte	0x2
 675 023f F9050000 		.4byte	.LASF70
 676 0243 07       		.uleb128 0x7
 677 0244 1A070000 		.4byte	.LASF72
 678 0248 01       		.byte	0x1
 679 0249 5E       		.byte	0x5e
 680 024a 00000000 		.4byte	.LFB38
 681 024e 18000000 		.4byte	.LFE38-.LFB38
 682 0252 01       		.uleb128 0x1
ARM GAS  C:\Users\JOHNNY~1\AppData\Local\Temp\cccPczVg.s 			page 18


 683 0253 9C       		.byte	0x9c
 684 0254 67020000 		.4byte	0x267
 685 0258 08       		.uleb128 0x8
 686 0259 CA080000 		.4byte	.LASF73
 687 025d 01       		.byte	0x1
 688 025e 5E       		.byte	0x5e
 689 025f 6B000000 		.4byte	0x6b
 690 0263 02       		.uleb128 0x2
 691 0264 91       		.byte	0x91
 692 0265 74       		.sleb128 -12
 693 0266 00       		.byte	0
 694 0267 09       		.uleb128 0x9
 695 0268 89000000 		.4byte	.LASF90
 696 026c 01       		.byte	0x1
 697 026d 71       		.byte	0x71
 698 026e 6B000000 		.4byte	0x6b
 699 0272 00000000 		.4byte	.LFB39
 700 0276 14000000 		.4byte	.LFE39-.LFB39
 701 027a 01       		.uleb128 0x1
 702 027b 9C       		.byte	0x9c
 703 027c 0A       		.uleb128 0xa
 704 027d 24000000 		.4byte	.LASF74
 705 0281 01       		.byte	0x1
 706 0282 85       		.byte	0x85
 707 0283 00000000 		.4byte	.LFB40
 708 0287 78000000 		.4byte	.LFE40-.LFB40
 709 028b 01       		.uleb128 0x1
 710 028c 9C       		.byte	0x9c
 711 028d A0020000 		.4byte	0x2a0
 712 0291 0B       		.uleb128 0xb
 713 0292 92040000 		.4byte	.LASF82
 714 0296 01       		.byte	0x1
 715 0297 87       		.byte	0x87
 716 0298 6B000000 		.4byte	0x6b
 717 029c 02       		.uleb128 0x2
 718 029d 91       		.byte	0x91
 719 029e 74       		.sleb128 -12
 720 029f 00       		.byte	0
 721 02a0 0A       		.uleb128 0xa
 722 02a1 BD000000 		.4byte	.LASF75
 723 02a5 01       		.byte	0x1
 724 02a6 BD       		.byte	0xbd
 725 02a7 00000000 		.4byte	.LFB41
 726 02ab 38000000 		.4byte	.LFE41-.LFB41
 727 02af 01       		.uleb128 0x1
 728 02b0 9C       		.byte	0x9c
 729 02b1 D2020000 		.4byte	0x2d2
 730 02b5 08       		.uleb128 0x8
 731 02b6 EE050000 		.4byte	.LASF76
 732 02ba 01       		.byte	0x1
 733 02bb BD       		.byte	0xbd
 734 02bc 6B000000 		.4byte	0x6b
 735 02c0 02       		.uleb128 0x2
 736 02c1 91       		.byte	0x91
 737 02c2 74       		.sleb128 -12
 738 02c3 08       		.uleb128 0x8
 739 02c4 70040000 		.4byte	.LASF77
ARM GAS  C:\Users\JOHNNY~1\AppData\Local\Temp\cccPczVg.s 			page 19


 740 02c8 01       		.byte	0x1
 741 02c9 BD       		.byte	0xbd
 742 02ca 6B000000 		.4byte	0x6b
 743 02ce 02       		.uleb128 0x2
 744 02cf 91       		.byte	0x91
 745 02d0 70       		.sleb128 -16
 746 02d1 00       		.byte	0
 747 02d2 0A       		.uleb128 0xa
 748 02d3 35040000 		.4byte	.LASF78
 749 02d7 01       		.byte	0x1
 750 02d8 DE       		.byte	0xde
 751 02d9 00000000 		.4byte	.LFB42
 752 02dd 1E000000 		.4byte	.LFE42-.LFB42
 753 02e1 01       		.uleb128 0x1
 754 02e2 9C       		.byte	0x9c
 755 02e3 F6020000 		.4byte	0x2f6
 756 02e7 08       		.uleb128 0x8
 757 02e8 46010000 		.4byte	.LASF79
 758 02ec 01       		.byte	0x1
 759 02ed DE       		.byte	0xde
 760 02ee 6B000000 		.4byte	0x6b
 761 02f2 02       		.uleb128 0x2
 762 02f3 91       		.byte	0x91
 763 02f4 74       		.sleb128 -12
 764 02f5 00       		.byte	0
 765 02f6 0A       		.uleb128 0xa
 766 02f7 02010000 		.4byte	.LASF80
 767 02fb 01       		.byte	0x1
 768 02fc F5       		.byte	0xf5
 769 02fd 00000000 		.4byte	.LFB43
 770 0301 1E000000 		.4byte	.LFE43-.LFB43
 771 0305 01       		.uleb128 0x1
 772 0306 9C       		.byte	0x9c
 773 0307 1A030000 		.4byte	0x31a
 774 030b 08       		.uleb128 0x8
 775 030c 46010000 		.4byte	.LASF79
 776 0310 01       		.byte	0x1
 777 0311 F5       		.byte	0xf5
 778 0312 6B000000 		.4byte	0x6b
 779 0316 02       		.uleb128 0x2
 780 0317 91       		.byte	0x91
 781 0318 74       		.sleb128 -12
 782 0319 00       		.byte	0
 783 031a 0C       		.uleb128 0xc
 784 031b 93000000 		.4byte	.LASF81
 785 031f 01       		.byte	0x1
 786 0320 0C01     		.2byte	0x10c
 787 0322 00000000 		.4byte	.LFB44
 788 0326 48000000 		.4byte	.LFE44-.LFB44
 789 032a 01       		.uleb128 0x1
 790 032b 9C       		.byte	0x9c
 791 032c 40030000 		.4byte	0x340
 792 0330 0D       		.uleb128 0xd
 793 0331 70040000 		.4byte	.LASF77
 794 0335 01       		.byte	0x1
 795 0336 0C01     		.2byte	0x10c
 796 0338 6B000000 		.4byte	0x6b
ARM GAS  C:\Users\JOHNNY~1\AppData\Local\Temp\cccPczVg.s 			page 20


 797 033c 02       		.uleb128 0x2
 798 033d 91       		.byte	0x91
 799 033e 74       		.sleb128 -12
 800 033f 00       		.byte	0
 801 0340 0B       		.uleb128 0xb
 802 0341 D2040000 		.4byte	.LASF83
 803 0345 01       		.byte	0x1
 804 0346 34       		.byte	0x34
 805 0347 3C020000 		.4byte	0x23c
 806 034b 05       		.uleb128 0x5
 807 034c 03       		.byte	0x3
 808 034d 00000000 		.4byte	enableSecCnt
 809 0351 0B       		.uleb128 0xb
 810 0352 A6070000 		.4byte	.LASF84
 811 0356 01       		.byte	0x1
 812 0357 37       		.byte	0x37
 813 0358 3C020000 		.4byte	0x23c
 814 035c 05       		.uleb128 0x5
 815 035d 03       		.byte	0x3
 816 035e 01000000 		.4byte	counter1TimedOut
 817 0362 0B       		.uleb128 0xb
 818 0363 EF080000 		.4byte	.LASF85
 819 0367 01       		.byte	0x1
 820 0368 3A       		.byte	0x3a
 821 0369 6B000000 		.4byte	0x6b
 822 036d 05       		.uleb128 0x5
 823 036e 03       		.byte	0x3
 824 036f 04000000 		.4byte	SecCnt
 825 0373 00       		.byte	0
 826              		.section	.debug_abbrev,"",%progbits
 827              	.Ldebug_abbrev0:
 828 0000 01       		.uleb128 0x1
 829 0001 11       		.uleb128 0x11
 830 0002 01       		.byte	0x1
 831 0003 25       		.uleb128 0x25
 832 0004 0E       		.uleb128 0xe
 833 0005 13       		.uleb128 0x13
 834 0006 0B       		.uleb128 0xb
 835 0007 03       		.uleb128 0x3
 836 0008 0E       		.uleb128 0xe
 837 0009 1B       		.uleb128 0x1b
 838 000a 0E       		.uleb128 0xe
 839 000b 55       		.uleb128 0x55
 840 000c 17       		.uleb128 0x17
 841 000d 11       		.uleb128 0x11
 842 000e 01       		.uleb128 0x1
 843 000f 10       		.uleb128 0x10
 844 0010 17       		.uleb128 0x17
 845 0011 00       		.byte	0
 846 0012 00       		.byte	0
 847 0013 02       		.uleb128 0x2
 848 0014 24       		.uleb128 0x24
 849 0015 00       		.byte	0
 850 0016 0B       		.uleb128 0xb
 851 0017 0B       		.uleb128 0xb
 852 0018 3E       		.uleb128 0x3e
 853 0019 0B       		.uleb128 0xb
ARM GAS  C:\Users\JOHNNY~1\AppData\Local\Temp\cccPczVg.s 			page 21


 854 001a 03       		.uleb128 0x3
 855 001b 0E       		.uleb128 0xe
 856 001c 00       		.byte	0
 857 001d 00       		.byte	0
 858 001e 03       		.uleb128 0x3
 859 001f 24       		.uleb128 0x24
 860 0020 00       		.byte	0
 861 0021 0B       		.uleb128 0xb
 862 0022 0B       		.uleb128 0xb
 863 0023 3E       		.uleb128 0x3e
 864 0024 0B       		.uleb128 0xb
 865 0025 03       		.uleb128 0x3
 866 0026 08       		.uleb128 0x8
 867 0027 00       		.byte	0
 868 0028 00       		.byte	0
 869 0029 04       		.uleb128 0x4
 870 002a 16       		.uleb128 0x16
 871 002b 00       		.byte	0
 872 002c 03       		.uleb128 0x3
 873 002d 0E       		.uleb128 0xe
 874 002e 3A       		.uleb128 0x3a
 875 002f 0B       		.uleb128 0xb
 876 0030 3B       		.uleb128 0x3b
 877 0031 05       		.uleb128 0x5
 878 0032 49       		.uleb128 0x49
 879 0033 13       		.uleb128 0x13
 880 0034 00       		.byte	0
 881 0035 00       		.byte	0
 882 0036 05       		.uleb128 0x5
 883 0037 04       		.uleb128 0x4
 884 0038 01       		.byte	0x1
 885 0039 0B       		.uleb128 0xb
 886 003a 0B       		.uleb128 0xb
 887 003b 3A       		.uleb128 0x3a
 888 003c 0B       		.uleb128 0xb
 889 003d 3B       		.uleb128 0x3b
 890 003e 0B       		.uleb128 0xb
 891 003f 01       		.uleb128 0x1
 892 0040 13       		.uleb128 0x13
 893 0041 00       		.byte	0
 894 0042 00       		.byte	0
 895 0043 06       		.uleb128 0x6
 896 0044 28       		.uleb128 0x28
 897 0045 00       		.byte	0
 898 0046 03       		.uleb128 0x3
 899 0047 0E       		.uleb128 0xe
 900 0048 1C       		.uleb128 0x1c
 901 0049 0D       		.uleb128 0xd
 902 004a 00       		.byte	0
 903 004b 00       		.byte	0
 904 004c 07       		.uleb128 0x7
 905 004d 2E       		.uleb128 0x2e
 906 004e 01       		.byte	0x1
 907 004f 3F       		.uleb128 0x3f
 908 0050 19       		.uleb128 0x19
 909 0051 03       		.uleb128 0x3
 910 0052 0E       		.uleb128 0xe
ARM GAS  C:\Users\JOHNNY~1\AppData\Local\Temp\cccPczVg.s 			page 22


 911 0053 3A       		.uleb128 0x3a
 912 0054 0B       		.uleb128 0xb
 913 0055 3B       		.uleb128 0x3b
 914 0056 0B       		.uleb128 0xb
 915 0057 27       		.uleb128 0x27
 916 0058 19       		.uleb128 0x19
 917 0059 11       		.uleb128 0x11
 918 005a 01       		.uleb128 0x1
 919 005b 12       		.uleb128 0x12
 920 005c 06       		.uleb128 0x6
 921 005d 40       		.uleb128 0x40
 922 005e 18       		.uleb128 0x18
 923 005f 9742     		.uleb128 0x2117
 924 0061 19       		.uleb128 0x19
 925 0062 01       		.uleb128 0x1
 926 0063 13       		.uleb128 0x13
 927 0064 00       		.byte	0
 928 0065 00       		.byte	0
 929 0066 08       		.uleb128 0x8
 930 0067 05       		.uleb128 0x5
 931 0068 00       		.byte	0
 932 0069 03       		.uleb128 0x3
 933 006a 0E       		.uleb128 0xe
 934 006b 3A       		.uleb128 0x3a
 935 006c 0B       		.uleb128 0xb
 936 006d 3B       		.uleb128 0x3b
 937 006e 0B       		.uleb128 0xb
 938 006f 49       		.uleb128 0x49
 939 0070 13       		.uleb128 0x13
 940 0071 02       		.uleb128 0x2
 941 0072 18       		.uleb128 0x18
 942 0073 00       		.byte	0
 943 0074 00       		.byte	0
 944 0075 09       		.uleb128 0x9
 945 0076 2E       		.uleb128 0x2e
 946 0077 00       		.byte	0
 947 0078 3F       		.uleb128 0x3f
 948 0079 19       		.uleb128 0x19
 949 007a 03       		.uleb128 0x3
 950 007b 0E       		.uleb128 0xe
 951 007c 3A       		.uleb128 0x3a
 952 007d 0B       		.uleb128 0xb
 953 007e 3B       		.uleb128 0x3b
 954 007f 0B       		.uleb128 0xb
 955 0080 27       		.uleb128 0x27
 956 0081 19       		.uleb128 0x19
 957 0082 49       		.uleb128 0x49
 958 0083 13       		.uleb128 0x13
 959 0084 11       		.uleb128 0x11
 960 0085 01       		.uleb128 0x1
 961 0086 12       		.uleb128 0x12
 962 0087 06       		.uleb128 0x6
 963 0088 40       		.uleb128 0x40
 964 0089 18       		.uleb128 0x18
 965 008a 9742     		.uleb128 0x2117
 966 008c 19       		.uleb128 0x19
 967 008d 00       		.byte	0
ARM GAS  C:\Users\JOHNNY~1\AppData\Local\Temp\cccPczVg.s 			page 23


 968 008e 00       		.byte	0
 969 008f 0A       		.uleb128 0xa
 970 0090 2E       		.uleb128 0x2e
 971 0091 01       		.byte	0x1
 972 0092 3F       		.uleb128 0x3f
 973 0093 19       		.uleb128 0x19
 974 0094 03       		.uleb128 0x3
 975 0095 0E       		.uleb128 0xe
 976 0096 3A       		.uleb128 0x3a
 977 0097 0B       		.uleb128 0xb
 978 0098 3B       		.uleb128 0x3b
 979 0099 0B       		.uleb128 0xb
 980 009a 27       		.uleb128 0x27
 981 009b 19       		.uleb128 0x19
 982 009c 11       		.uleb128 0x11
 983 009d 01       		.uleb128 0x1
 984 009e 12       		.uleb128 0x12
 985 009f 06       		.uleb128 0x6
 986 00a0 40       		.uleb128 0x40
 987 00a1 18       		.uleb128 0x18
 988 00a2 9642     		.uleb128 0x2116
 989 00a4 19       		.uleb128 0x19
 990 00a5 01       		.uleb128 0x1
 991 00a6 13       		.uleb128 0x13
 992 00a7 00       		.byte	0
 993 00a8 00       		.byte	0
 994 00a9 0B       		.uleb128 0xb
 995 00aa 34       		.uleb128 0x34
 996 00ab 00       		.byte	0
 997 00ac 03       		.uleb128 0x3
 998 00ad 0E       		.uleb128 0xe
 999 00ae 3A       		.uleb128 0x3a
 1000 00af 0B       		.uleb128 0xb
 1001 00b0 3B       		.uleb128 0x3b
 1002 00b1 0B       		.uleb128 0xb
 1003 00b2 49       		.uleb128 0x49
 1004 00b3 13       		.uleb128 0x13
 1005 00b4 02       		.uleb128 0x2
 1006 00b5 18       		.uleb128 0x18
 1007 00b6 00       		.byte	0
 1008 00b7 00       		.byte	0
 1009 00b8 0C       		.uleb128 0xc
 1010 00b9 2E       		.uleb128 0x2e
 1011 00ba 01       		.byte	0x1
 1012 00bb 3F       		.uleb128 0x3f
 1013 00bc 19       		.uleb128 0x19
 1014 00bd 03       		.uleb128 0x3
 1015 00be 0E       		.uleb128 0xe
 1016 00bf 3A       		.uleb128 0x3a
 1017 00c0 0B       		.uleb128 0xb
 1018 00c1 3B       		.uleb128 0x3b
 1019 00c2 05       		.uleb128 0x5
 1020 00c3 27       		.uleb128 0x27
 1021 00c4 19       		.uleb128 0x19
 1022 00c5 11       		.uleb128 0x11
 1023 00c6 01       		.uleb128 0x1
 1024 00c7 12       		.uleb128 0x12
ARM GAS  C:\Users\JOHNNY~1\AppData\Local\Temp\cccPczVg.s 			page 24


 1025 00c8 06       		.uleb128 0x6
 1026 00c9 40       		.uleb128 0x40
 1027 00ca 18       		.uleb128 0x18
 1028 00cb 9642     		.uleb128 0x2116
 1029 00cd 19       		.uleb128 0x19
 1030 00ce 01       		.uleb128 0x1
 1031 00cf 13       		.uleb128 0x13
 1032 00d0 00       		.byte	0
 1033 00d1 00       		.byte	0
 1034 00d2 0D       		.uleb128 0xd
 1035 00d3 05       		.uleb128 0x5
 1036 00d4 00       		.byte	0
 1037 00d5 03       		.uleb128 0x3
 1038 00d6 0E       		.uleb128 0xe
 1039 00d7 3A       		.uleb128 0x3a
 1040 00d8 0B       		.uleb128 0xb
 1041 00d9 3B       		.uleb128 0x3b
 1042 00da 05       		.uleb128 0x5
 1043 00db 49       		.uleb128 0x49
 1044 00dc 13       		.uleb128 0x13
 1045 00dd 02       		.uleb128 0x2
 1046 00de 18       		.uleb128 0x18
 1047 00df 00       		.byte	0
 1048 00e0 00       		.byte	0
 1049 00e1 00       		.byte	0
 1050              		.section	.debug_aranges,"",%progbits
 1051 0000 54000000 		.4byte	0x54
 1052 0004 0200     		.2byte	0x2
 1053 0006 00000000 		.4byte	.Ldebug_info0
 1054 000a 04       		.byte	0x4
 1055 000b 00       		.byte	0
 1056 000c 0000     		.2byte	0
 1057 000e 0000     		.2byte	0
 1058 0010 00000000 		.4byte	.LFB37
 1059 0014 20000000 		.4byte	.LFE37-.LFB37
 1060 0018 00000000 		.4byte	.LFB38
 1061 001c 18000000 		.4byte	.LFE38-.LFB38
 1062 0020 00000000 		.4byte	.LFB39
 1063 0024 14000000 		.4byte	.LFE39-.LFB39
 1064 0028 00000000 		.4byte	.LFB40
 1065 002c 78000000 		.4byte	.LFE40-.LFB40
 1066 0030 00000000 		.4byte	.LFB41
 1067 0034 38000000 		.4byte	.LFE41-.LFB41
 1068 0038 00000000 		.4byte	.LFB42
 1069 003c 1E000000 		.4byte	.LFE42-.LFB42
 1070 0040 00000000 		.4byte	.LFB43
 1071 0044 1E000000 		.4byte	.LFE43-.LFB43
 1072 0048 00000000 		.4byte	.LFB44
 1073 004c 48000000 		.4byte	.LFE44-.LFB44
 1074 0050 00000000 		.4byte	0
 1075 0054 00000000 		.4byte	0
 1076              		.section	.debug_ranges,"",%progbits
 1077              	.Ldebug_ranges0:
 1078 0000 00000000 		.4byte	.LFB37
 1079 0004 20000000 		.4byte	.LFE37
 1080 0008 00000000 		.4byte	.LFB38
 1081 000c 18000000 		.4byte	.LFE38
ARM GAS  C:\Users\JOHNNY~1\AppData\Local\Temp\cccPczVg.s 			page 25


 1082 0010 00000000 		.4byte	.LFB39
 1083 0014 14000000 		.4byte	.LFE39
 1084 0018 00000000 		.4byte	.LFB40
 1085 001c 78000000 		.4byte	.LFE40
 1086 0020 00000000 		.4byte	.LFB41
 1087 0024 38000000 		.4byte	.LFE41
 1088 0028 00000000 		.4byte	.LFB42
 1089 002c 1E000000 		.4byte	.LFE42
 1090 0030 00000000 		.4byte	.LFB43
 1091 0034 1E000000 		.4byte	.LFE43
 1092 0038 00000000 		.4byte	.LFB44
 1093 003c 48000000 		.4byte	.LFE44
 1094 0040 00000000 		.4byte	0
 1095 0044 00000000 		.4byte	0
 1096              		.section	.debug_line,"",%progbits
 1097              	.Ldebug_line0:
 1098 0000 10010000 		.section	.debug_str,"MS",%progbits,1
 1098      02005B00 
 1098      00000201 
 1098      FB0E0D00 
 1098      01010101 
 1099              	.LASF21:
 1100 0000 4359424C 		.ascii	"CYBLE_EVT_GAP_PASSKEY_ENTRY_REQUEST\000"
 1100      455F4556 
 1100      545F4741 
 1100      505F5041 
 1100      53534B45 
 1101              	.LASF74:
 1102 0024 5744545F 		.ascii	"WDT_Handler\000"
 1102      48616E64 
 1102      6C657200 
 1103              	.LASF32:
 1104 0030 4359424C 		.ascii	"CYBLE_EVT_GATTC_ERROR_RSP\000"
 1104      455F4556 
 1104      545F4741 
 1104      5454435F 
 1104      4552524F 
 1105              	.LASF87:
 1106 004a 2E5C5761 		.ascii	".\\WatchdogTimer.c\000"
 1106      74636864 
 1106      6F675469 
 1106      6D65722E 
 1106      6300
 1107              	.LASF2:
 1108 005c 73686F72 		.ascii	"short int\000"
 1108      7420696E 
 1108      7400
 1109              	.LASF24:
 1110 0066 4359424C 		.ascii	"CYBLE_EVT_GAP_AUTH_FAILED\000"
 1110      455F4556 
 1110      545F4741 
 1110      505F4155 
 1110      54485F46 
 1111              	.LASF12:
 1112 0080 73697A65 		.ascii	"sizetype\000"
 1112      74797065 
 1112      00
ARM GAS  C:\Users\JOHNNY~1\AppData\Local\Temp\cccPczVg.s 			page 26


 1113              	.LASF90:
 1114 0089 47657453 		.ascii	"GetSecCnt\000"
 1114      6563436E 
 1114      7400
 1115              	.LASF81:
 1116 0093 4C6F7750 		.ascii	"LowPowerWait\000"
 1116      6F776572 
 1116      57616974 
 1116      00
 1117              	.LASF28:
 1118 00a0 4359424C 		.ascii	"CYBLE_EVT_GAP_ENCRYPT_CHANGE\000"
 1118      455F4556 
 1118      545F4741 
 1118      505F454E 
 1118      43525950 
 1119              	.LASF75:
 1120 00bd 5744545F 		.ascii	"WDT_Initialize\000"
 1120      496E6974 
 1120      69616C69 
 1120      7A6500
 1121              	.LASF17:
 1122 00cc 4359424C 		.ascii	"CYBLE_EVT_HCI_STATUS\000"
 1122      455F4556 
 1122      545F4843 
 1122      495F5354 
 1122      41545553 
 1123              	.LASF38:
 1124 00e1 4359424C 		.ascii	"CYBLE_EVT_GATTC_READ_BY_TYPE_RSP\000"
 1124      455F4556 
 1124      545F4741 
 1124      5454435F 
 1124      52454144 
 1125              	.LASF80:
 1126 0102 5744545F 		.ascii	"WDT_DisableCounter\000"
 1126      44697361 
 1126      626C6543 
 1126      6F756E74 
 1126      657200
 1127              	.LASF14:
 1128 0115 4359424C 		.ascii	"CYBLE_EVT_STACK_ON\000"
 1128      455F4556 
 1128      545F5354 
 1128      41434B5F 
 1128      4F4E00
 1129              	.LASF35:
 1130 0128 4359424C 		.ascii	"CYBLE_EVT_GATTS_XCNHG_MTU_REQ\000"
 1130      455F4556 
 1130      545F4741 
 1130      5454535F 
 1130      58434E48 
 1131              	.LASF79:
 1132 0146 636F756E 		.ascii	"counterMask\000"
 1132      7465724D 
 1132      61736B00 
 1133              	.LASF43:
 1134 0152 4359424C 		.ascii	"CYBLE_EVT_GATTC_READ_MULTI_RSP\000"
 1134      455F4556 
ARM GAS  C:\Users\JOHNNY~1\AppData\Local\Temp\cccPczVg.s 			page 27


 1134      545F4741 
 1134      5454435F 
 1134      52454144 
 1135              	.LASF52:
 1136 0171 4359424C 		.ascii	"CYBLE_EVT_GATTS_HANDLE_VALUE_CNF\000"
 1136      455F4556 
 1136      545F4741 
 1136      5454535F 
 1136      48414E44 
 1137              	.LASF13:
 1138 0192 4359424C 		.ascii	"CYBLE_EVT_HOST_INVALID\000"
 1138      455F4556 
 1138      545F484F 
 1138      53545F49 
 1138      4E56414C 
 1139              	.LASF59:
 1140 01a9 4359424C 		.ascii	"CYBLE_EVT_L2CAP_CBFC_CONN_IND\000"
 1140      455F4556 
 1140      545F4C32 
 1140      4341505F 
 1140      43424643 
 1141              	.LASF62:
 1142 01c7 4359424C 		.ascii	"CYBLE_EVT_L2CAP_CBFC_DISCONN_CNF\000"
 1142      455F4556 
 1142      545F4C32 
 1142      4341505F 
 1142      43424643 
 1143              	.LASF9:
 1144 01e8 666C6F61 		.ascii	"float\000"
 1144      7400
 1145              	.LASF41:
 1146 01ee 4359424C 		.ascii	"CYBLE_EVT_GATTC_READ_RSP\000"
 1146      455F4556 
 1146      545F4741 
 1146      5454435F 
 1146      52454144 
 1147              	.LASF45:
 1148 0207 4359424C 		.ascii	"CYBLE_EVT_GATTC_WRITE_RSP\000"
 1148      455F4556 
 1148      545F4741 
 1148      5454435F 
 1148      57524954 
 1149              	.LASF6:
 1150 0221 6C6F6E67 		.ascii	"long long int\000"
 1150      206C6F6E 
 1150      6720696E 
 1150      7400
 1151              	.LASF7:
 1152 022f 6C6F6E67 		.ascii	"long long unsigned int\000"
 1152      206C6F6E 
 1152      6720756E 
 1152      7369676E 
 1152      65642069 
 1153              	.LASF4:
 1154 0246 6C6F6E67 		.ascii	"long int\000"
 1154      20696E74 
 1154      00
ARM GAS  C:\Users\JOHNNY~1\AppData\Local\Temp\cccPczVg.s 			page 28


 1155              	.LASF51:
 1156 024f 4359424C 		.ascii	"CYBLE_EVT_GATTC_HANDLE_VALUE_IND\000"
 1156      455F4556 
 1156      545F4741 
 1156      5454435F 
 1156      48414E44 
 1157              	.LASF5:
 1158 0270 6C6F6E67 		.ascii	"long unsigned int\000"
 1158      20756E73 
 1158      69676E65 
 1158      6420696E 
 1158      7400
 1159              	.LASF26:
 1160 0282 4359424C 		.ascii	"CYBLE_EVT_GAP_DEVICE_CONNECTED\000"
 1160      455F4556 
 1160      545F4741 
 1160      505F4445 
 1160      56494345 
 1161              	.LASF25:
 1162 02a1 4359424C 		.ascii	"CYBLE_EVT_GAPP_ADVERTISEMENT_START_STOP\000"
 1162      455F4556 
 1162      545F4741 
 1162      50505F41 
 1162      44564552 
 1163              	.LASF50:
 1164 02c9 4359424C 		.ascii	"CYBLE_EVT_GATTC_HANDLE_VALUE_NTF\000"
 1164      455F4556 
 1164      545F4741 
 1164      5454435F 
 1164      48414E44 
 1165              	.LASF18:
 1166 02ea 4359424C 		.ascii	"CYBLE_EVT_STACK_BUSY_STATUS\000"
 1166      455F4556 
 1166      545F5354 
 1166      41434B5F 
 1166      42555359 
 1167              	.LASF22:
 1168 0306 4359424C 		.ascii	"CYBLE_EVT_GAP_PASSKEY_DISPLAY_REQUEST\000"
 1168      455F4556 
 1168      545F4741 
 1168      505F5041 
 1168      53534B45 
 1169              	.LASF60:
 1170 032c 4359424C 		.ascii	"CYBLE_EVT_L2CAP_CBFC_CONN_CNF\000"
 1170      455F4556 
 1170      545F4C32 
 1170      4341505F 
 1170      43424643 
 1171              	.LASF69:
 1172 034a 4359424C 		.ascii	"CYBLE_EVT_MAX\000"
 1172      455F4556 
 1172      545F4D41 
 1172      5800
 1173              	.LASF56:
 1174 0358 4359424C 		.ascii	"CYBLE_EVT_L2CAP_CONN_PARAM_UPDATE_REQ\000"
 1174      455F4556 
 1174      545F4C32 
ARM GAS  C:\Users\JOHNNY~1\AppData\Local\Temp\cccPczVg.s 			page 29


 1174      4341505F 
 1174      434F4E4E 
 1175              	.LASF1:
 1176 037e 756E7369 		.ascii	"unsigned char\000"
 1176      676E6564 
 1176      20636861 
 1176      7200
 1177              	.LASF47:
 1178 038c 4359424C 		.ascii	"CYBLE_EVT_GATTS_PREP_WRITE_REQ\000"
 1178      455F4556 
 1178      545F4741 
 1178      5454535F 
 1178      50524550 
 1179              	.LASF68:
 1180 03ab 4359424C 		.ascii	"CYBLE_EVT_LE_PING_AUTH_TIMEOUT\000"
 1180      455F4556 
 1180      545F4C45 
 1180      5F50494E 
 1180      475F4155 
 1181              	.LASF39:
 1182 03ca 4359424C 		.ascii	"CYBLE_EVT_GATTC_FIND_INFO_RSP\000"
 1182      455F4556 
 1182      545F4741 
 1182      5454435F 
 1182      46494E44 
 1183              	.LASF0:
 1184 03e8 7369676E 		.ascii	"signed char\000"
 1184      65642063 
 1184      68617200 
 1185              	.LASF44:
 1186 03f4 4359424C 		.ascii	"CYBLE_EVT_GATTS_WRITE_REQ\000"
 1186      455F4556 
 1186      545F4741 
 1186      5454535F 
 1186      57524954 
 1187              	.LASF40:
 1188 040e 4359424C 		.ascii	"CYBLE_EVT_GATTC_FIND_BY_TYPE_VALUE_RSP\000"
 1188      455F4556 
 1188      545F4741 
 1188      5454435F 
 1188      46494E44 
 1189              	.LASF78:
 1190 0435 5744545F 		.ascii	"WDT_EnableCounter\000"
 1190      456E6162 
 1190      6C65436F 
 1190      756E7465 
 1190      7200
 1191              	.LASF23:
 1192 0447 4359424C 		.ascii	"CYBLE_EVT_GAP_AUTH_COMPLETE\000"
 1192      455F4556 
 1192      545F4741 
 1192      505F4155 
 1192      54485F43 
 1193              	.LASF8:
 1194 0463 756E7369 		.ascii	"unsigned int\000"
 1194      676E6564 
 1194      20696E74 
ARM GAS  C:\Users\JOHNNY~1\AppData\Local\Temp\cccPczVg.s 			page 30


 1194      00
 1195              	.LASF77:
 1196 0470 70657269 		.ascii	"period\000"
 1196      6F6400
 1197              	.LASF33:
 1198 0477 4359424C 		.ascii	"CYBLE_EVT_GATT_CONNECT_IND\000"
 1198      455F4556 
 1198      545F4741 
 1198      54545F43 
 1198      4F4E4E45 
 1199              	.LASF82:
 1200 0492 74656D70 		.ascii	"tempCnt\000"
 1200      436E7400 
 1201              	.LASF20:
 1202 049a 4359424C 		.ascii	"CYBLE_EVT_GAP_AUTH_REQ\000"
 1202      455F4556 
 1202      545F4741 
 1202      505F4155 
 1202      54485F52 
 1203              	.LASF61:
 1204 04b1 4359424C 		.ascii	"CYBLE_EVT_L2CAP_CBFC_DISCONN_IND\000"
 1204      455F4556 
 1204      545F4C32 
 1204      4341505F 
 1204      43424643 
 1205              	.LASF83:
 1206 04d2 656E6162 		.ascii	"enableSecCnt\000"
 1206      6C655365 
 1206      63436E74 
 1206      00
 1207              	.LASF31:
 1208 04df 4359424C 		.ascii	"CYBLE_EVT_GAP_KEYINFO_EXCHNGE_CMPLT\000"
 1208      455F4556 
 1208      545F4741 
 1208      505F4B45 
 1208      59494E46 
 1209              	.LASF29:
 1210 0503 4359424C 		.ascii	"CYBLE_EVT_GAP_CONNECTION_UPDATE_COMPLETE\000"
 1210      455F4556 
 1210      545F4741 
 1210      505F434F 
 1210      4E4E4543 
 1211              	.LASF11:
 1212 052c 63686172 		.ascii	"char\000"
 1212      00
 1213              	.LASF86:
 1214 0531 474E5520 		.ascii	"GNU C 4.9.3 20150303 (release) [ARM/embedded-4_9-br"
 1214      4320342E 
 1214      392E3320 
 1214      32303135 
 1214      30333033 
 1215 0564 616E6368 		.ascii	"anch revision 221220] -mcpu=cortex-m0 -mthumb -g -O"
 1215      20726576 
 1215      6973696F 
 1215      6E203232 
 1215      31323230 
 1216 0597 30202D66 		.ascii	"0 -ffunction-sections -ffat-lto-objects\000"
ARM GAS  C:\Users\JOHNNY~1\AppData\Local\Temp\cccPczVg.s 			page 31


 1216      66756E63 
 1216      74696F6E 
 1216      2D736563 
 1216      74696F6E 
 1217              	.LASF58:
 1218 05bf 4359424C 		.ascii	"CYBLE_EVT_L2CAP_COMMAND_REJ\000"
 1218      455F4556 
 1218      545F4C32 
 1218      4341505F 
 1218      434F4D4D 
 1219              	.LASF3:
 1220 05db 73686F72 		.ascii	"short unsigned int\000"
 1220      7420756E 
 1220      7369676E 
 1220      65642069 
 1220      6E7400
 1221              	.LASF76:
 1222 05ee 636F756E 		.ascii	"counterNum\000"
 1222      7465724E 
 1222      756D00
 1223              	.LASF70:
 1224 05f9 5F426F6F 		.ascii	"_Bool\000"
 1224      6C00
 1225              	.LASF42:
 1226 05ff 4359424C 		.ascii	"CYBLE_EVT_GATTC_READ_BLOB_RSP\000"
 1226      455F4556 
 1226      545F4741 
 1226      5454435F 
 1226      52454144 
 1227              	.LASF88:
 1228 061d 433A5C55 		.ascii	"C:\\Users\\Johnny K\\Desktop\\PSoC_4_BLE_Eddystone_"
 1228      73657273 
 1228      5C4A6F68 
 1228      6E6E7920 
 1228      4B5C4465 
 1229 064c 436F7079 		.ascii	"Copy_01.cydsn (2)\\PSoC_4_BLE_Eddystone_Copy_01_Cop"
 1229      5F30312E 
 1229      63796473 
 1229      6E202832 
 1229      295C5053 
 1230 067e 795F3033 		.ascii	"y_03.cydsn\000"
 1230      2E637964 
 1230      736E00
 1231              	.LASF49:
 1232 0689 4359424C 		.ascii	"CYBLE_EVT_GATTC_EXEC_WRITE_RSP\000"
 1232      455F4556 
 1232      545F4741 
 1232      5454435F 
 1232      45584543 
 1233              	.LASF89:
 1234 06a8 75696E74 		.ascii	"uint32\000"
 1234      333200
 1235              	.LASF67:
 1236 06af 4359424C 		.ascii	"CYBLE_EVT_PENDING_FLASH_WRITE\000"
 1236      455F4556 
 1236      545F5045 
 1236      4E44494E 
ARM GAS  C:\Users\JOHNNY~1\AppData\Local\Temp\cccPczVg.s 			page 32


 1236      475F464C 
 1237              	.LASF64:
 1238 06cd 4359424C 		.ascii	"CYBLE_EVT_L2CAP_CBFC_RX_CREDIT_IND\000"
 1238      455F4556 
 1238      545F4C32 
 1238      4341505F 
 1238      43424643 
 1239              	.LASF10:
 1240 06f0 646F7562 		.ascii	"double\000"
 1240      6C6500
 1241              	.LASF65:
 1242 06f7 4359424C 		.ascii	"CYBLE_EVT_L2CAP_CBFC_TX_CREDIT_IND\000"
 1242      455F4556 
 1242      545F4C32 
 1242      4341505F 
 1242      43424643 
 1243              	.LASF72:
 1244 071a 53657453 		.ascii	"SetSecCnt\000"
 1244      6563436E 
 1244      7400
 1245              	.LASF16:
 1246 0724 4359424C 		.ascii	"CYBLE_EVT_HARDWARE_ERROR\000"
 1246      455F4556 
 1246      545F4841 
 1246      52445741 
 1246      52455F45 
 1247              	.LASF63:
 1248 073d 4359424C 		.ascii	"CYBLE_EVT_L2CAP_CBFC_DATA_READ\000"
 1248      455F4556 
 1248      545F4C32 
 1248      4341505F 
 1248      43424643 
 1249              	.LASF57:
 1250 075c 4359424C 		.ascii	"CYBLE_EVT_L2CAP_CONN_PARAM_UPDATE_RSP\000"
 1250      455F4556 
 1250      545F4C32 
 1250      4341505F 
 1250      434F4E4E 
 1251              	.LASF19:
 1252 0782 4359424C 		.ascii	"CYBLE_EVT_GAPC_SCAN_PROGRESS_RESULT\000"
 1252      455F4556 
 1252      545F4741 
 1252      50435F53 
 1252      43414E5F 
 1253              	.LASF84:
 1254 07a6 636F756E 		.ascii	"counter1TimedOut\000"
 1254      74657231 
 1254      54696D65 
 1254      644F7574 
 1254      00
 1255              	.LASF37:
 1256 07b7 4359424C 		.ascii	"CYBLE_EVT_GATTC_READ_BY_GROUP_TYPE_RSP\000"
 1256      455F4556 
 1256      545F4741 
 1256      5454435F 
 1256      52454144 
 1257              	.LASF46:
ARM GAS  C:\Users\JOHNNY~1\AppData\Local\Temp\cccPczVg.s 			page 33


 1258 07de 4359424C 		.ascii	"CYBLE_EVT_GATTS_WRITE_CMD_REQ\000"
 1258      455F4556 
 1258      545F4741 
 1258      5454535F 
 1258      57524954 
 1259              	.LASF36:
 1260 07fc 4359424C 		.ascii	"CYBLE_EVT_GATTC_XCHNG_MTU_RSP\000"
 1260      455F4556 
 1260      545F4741 
 1260      5454435F 
 1260      5843484E 
 1261              	.LASF15:
 1262 081a 4359424C 		.ascii	"CYBLE_EVT_TIMEOUT\000"
 1262      455F4556 
 1262      545F5449 
 1262      4D454F55 
 1262      5400
 1263              	.LASF71:
 1264 082c 53657445 		.ascii	"SetEnableSecCnt\000"
 1264      6E61626C 
 1264      65536563 
 1264      436E7400 
 1265              	.LASF66:
 1266 083c 4359424C 		.ascii	"CYBLE_EVT_L2CAP_CBFC_DATA_WRITE_IND\000"
 1266      455F4556 
 1266      545F4C32 
 1266      4341505F 
 1266      43424643 
 1267              	.LASF30:
 1268 0860 4359424C 		.ascii	"CYBLE_EVT_GAPC_SCAN_START_STOP\000"
 1268      455F4556 
 1268      545F4741 
 1268      50435F53 
 1268      43414E5F 
 1269              	.LASF55:
 1270 087f 4359424C 		.ascii	"CYBLE_EVT_GATTS_READ_CHAR_VAL_ACCESS_REQ\000"
 1270      455F4556 
 1270      545F4741 
 1270      5454535F 
 1270      52454144 
 1271              	.LASF54:
 1272 08a8 4359424C 		.ascii	"CYBLE_EVT_GATTC_STOP_CMD_COMPLETE\000"
 1272      455F4556 
 1272      545F4741 
 1272      5454435F 
 1272      53544F50 
 1273              	.LASF73:
 1274 08ca 76616C75 		.ascii	"value\000"
 1274      6500
 1275              	.LASF48:
 1276 08d0 4359424C 		.ascii	"CYBLE_EVT_GATTS_EXEC_WRITE_REQ\000"
 1276      455F4556 
 1276      545F4741 
 1276      5454535F 
 1276      45584543 
 1277              	.LASF85:
 1278 08ef 53656343 		.ascii	"SecCnt\000"
ARM GAS  C:\Users\JOHNNY~1\AppData\Local\Temp\cccPczVg.s 			page 34


 1278      6E7400
 1279              	.LASF27:
 1280 08f6 4359424C 		.ascii	"CYBLE_EVT_GAP_DEVICE_DISCONNECTED\000"
 1280      455F4556 
 1280      545F4741 
 1280      505F4445 
 1280      56494345 
 1281              	.LASF53:
 1282 0918 4359424C 		.ascii	"CYBLE_EVT_GATTS_DATA_SIGNED_CMD_REQ\000"
 1282      455F4556 
 1282      545F4741 
 1282      5454535F 
 1282      44415441 
 1283              	.LASF34:
 1284 093c 4359424C 		.ascii	"CYBLE_EVT_GATT_DISCONNECT_IND\000"
 1284      455F4556 
 1284      545F4741 
 1284      54545F44 
 1284      4953434F 
 1285              		.ident	"GCC: (GNU Tools for ARM Embedded Processors) 4.9.3 20150303 (release) [ARM/embedded-4_9-br
